<?xml version="1.0" encoding="UTF-8"?>
<testng-results skipped="0" failed="0" total="2" passed="2">
  <reporter-output>
  </reporter-output>
  <suite name="Suite" duration-ms="24534" started-at="2016-03-09T22:03:53Z" finished-at="2016-03-09T22:04:18Z">
    <groups>
    </groups>
    <test name="ChromeTest" duration-ms="22789" started-at="2016-03-09T22:03:53Z" finished-at="2016-03-09T22:04:16Z">
      <class name="com.selenium.automationframework.MultiBrowser">
        <test-method status="PASS" signature="beforeTest(java.lang.String)[pri:0, instance:com.selenium.automationframework.MultiBrowser@34ce8af7]" name="beforeTest" is-config="true" duration-ms="7728" started-at="2016-03-09T16:03:53Z" finished-at="2016-03-09T16:04:01Z">
          <params>
            <param index="0">
              <value>
                <![CDATA[chrome]]>
              </value>
            </param>
          </params>
          <reporter-output>
          </reporter-output>
        </test-method> <!-- beforeTest -->
        <test-method status="PASS" signature="login()[pri:0, instance:com.selenium.automationframework.MultiBrowser@34ce8af7]" name="login" duration-ms="13998" started-at="2016-03-09T16:04:01Z" finished-at="2016-03-09T16:04:15Z">
          <reporter-output>
          </reporter-output>
        </test-method> <!-- login -->
        <test-method status="PASS" signature="afterTest()[pri:0, instance:com.selenium.automationframework.MultiBrowser@34ce8af7]" name="afterTest" is-config="true" duration-ms="1051" started-at="2016-03-09T16:04:15Z" finished-at="2016-03-09T16:04:16Z">
          <reporter-output>
          </reporter-output>
        </test-method> <!-- afterTest -->
      </class> <!-- com.selenium.automationframework.MultiBrowser -->
    </test> <!-- ChromeTest -->
    <test name="FirefoxTest" duration-ms="24534" started-at="2016-03-09T22:03:53Z" finished-at="2016-03-09T22:04:18Z">
      <class name="com.selenium.automationframework.MultiBrowser">
        <test-method status="PASS" signature="beforeTest(java.lang.String)[pri:0, instance:com.selenium.automationframework.MultiBrowser@7cf10a6f]" name="beforeTest" is-config="true" duration-ms="13091" started-at="2016-03-09T16:03:53Z" finished-at="2016-03-09T16:04:06Z">
          <params>
            <param index="0">
              <value>
                <![CDATA[firefox]]>
              </value>
            </param>
          </params>
          <reporter-output>
          </reporter-output>
        </test-method> <!-- beforeTest -->
        <test-method status="PASS" signature="login()[pri:0, instance:com.selenium.automationframework.MultiBrowser@7cf10a6f]" name="login" duration-ms="11181" started-at="2016-03-09T16:04:06Z" finished-at="2016-03-09T16:04:17Z">
          <reporter-output>
          </reporter-output>
        </test-method> <!-- login -->
        <test-method status="PASS" signature="afterTest()[pri:0, instance:com.selenium.automationframework.MultiBrowser@7cf10a6f]" name="afterTest" is-config="true" duration-ms="247" started-at="2016-03-09T16:04:17Z" finished-at="2016-03-09T16:04:18Z">
          <reporter-output>
          </reporter-output>
        </test-method> <!-- afterTest -->
      </class> <!-- com.selenium.automationframework.MultiBrowser -->
    </test> <!-- FirefoxTest -->
  </suite> <!-- Suite -->
</testng-results>
